<?xml version="1.0" encoding="UTF-8"?>
<testng-results ignored="0" total="1" passed="1" failed="0" skipped="0">
  <reporter-output>
  </reporter-output>
  <suite started-at="2023-04-13T14:27:01 IST" name="Default suite" finished-at="2023-04-13T14:27:09 IST" duration-ms="8493">
    <groups>
    </groups>
    <test started-at="2023-04-13T14:27:01 IST" name="Default test" finished-at="2023-04-13T14:27:09 IST" duration-ms="8493">
      <class name="mavenp_proj_basic.examplescript">
        <test-method signature="script()[pri:0, instance:mavenp_proj_basic.examplescript@66d3eec0]" started-at="2023-04-13T14:27:01 IST" name="script" finished-at="2023-04-13T14:27:09 IST" duration-ms="8416" status="PASS">
          <reporter-output>
          </reporter-output>
        </test-method> <!-- script -->
      </class> <!-- mavenp_proj_basic.examplescript -->
    </test> <!-- Default test -->
  </suite> <!-- Default suite -->
</testng-results>
